C51 COMPILER V9.00   1                                                                     09/16/2012 15:02:31 PAGE 1   


C51 COMPILER V9.00, COMPILATION OF MODULE 1
OBJECT MODULE PLACED IN 1.OBJ
COMPILER INVOKED BY: D:\安装软件\keil 51\C51\BIN\C51.EXE 1.c BROWSE DEBUG OBJECTEXTEND

line level    source

   1          
   2          /*****************************************/
   3          #include <reg52.h>
   4          unsigned char date;
   5          
   6          
   7          //***********************************************************
   8          
   9          //                     延时子程序
  10          
  11          //************************************************************
  12          void delay1ms()
  13          {
  14   1       unsigned int i;
  15   1       for(i=40024;i>0;i--);  //延时124*8+10=1002us
  16   1      }
  17          
  18          //***********************************************************
  19          
  20          
  21          
  22          
  23          //*************************
  24          //**********主函数*********
  25          //*************************
  26          main()
  27          {
  28   1      
  29   1               while(1)
  30   1               {              
  31   2                       P0=0x00;P1=0x00;P2=0x00;P3=0x00;    
  32   2                   delay1ms();
  33   2                       delay1ms();
  34   2                   P0=0xff; P1=0xff; P2=0xff; P3=0xff;        
  35   2                   delay1ms();
  36   2                       delay1ms();
  37   2               }
  38   1      }


MODULE INFORMATION:   STATIC OVERLAYABLE
   CODE SIZE        =     49    ----
   CONSTANT SIZE    =   ----    ----
   XDATA SIZE       =   ----    ----
   PDATA SIZE       =   ----    ----
   DATA SIZE        =      1    ----
   IDATA SIZE       =   ----    ----
   BIT SIZE         =   ----    ----
END OF MODULE INFORMATION.


C51 COMPILATION COMPLETE.  0 WARNING(S),  0 ERROR(S)
